This is XeTeX, Version 3.14159265-2.6-0.99998 (MiKTeX 2.9.6350 64-bit) (preloaded format=xelatex 2017.6.20)  5 DEC 2017 00:51
entering extended mode
**./slides.tex
(slides.tex
LaTeX2e <2017-04-15>
Babel <3.10> and hyphenation patterns for 75 language(s) loaded.
(C:\Users\taeuksz800\AppData\Roaming\MiKTeX\2.9\tex\latex\beamer\beamer.cls
Document Class: beamer 2017/08/22 v3.43 A class for typesetting presentations

(C:\Users\taeuksz800\AppData\Roaming\MiKTeX\2.9\tex\latex\beamer\beamerbasemode
s.sty
(C:\Users\taeuksz800\AppData\Roaming\MiKTeX\2.9\tex\latex\etoolbox\etoolbox.sty
Package: etoolbox 2017/01/02 v2.4 e-TeX tools for LaTeX (JAW)
\etb@tempcnta=\count79
)
\beamer@tempbox=\box26
\beamer@tempcount=\count80
\c@beamerpauses=\count81

(C:\Users\taeuksz800\AppData\Roaming\MiKTeX\2.9\tex\latex\beamer\beamerbasedeco
de.sty
\beamer@slideinframe=\count82
\beamer@minimum=\count83
)
\beamer@commentbox=\box27
\beamer@modecount=\count84
) ("C:\Program Files\MiKTeX 2.9\tex\generic\oberdiek\ifpdf.sty"
Package: ifpdf 2017/03/15 v3.2 Provides the ifpdf switch
)
\headdp=\dimen102
\footheight=\dimen103
\sidebarheight=\dimen104
\beamer@tempdim=\dimen105
\beamer@finalheight=\dimen106
\beamer@animht=\dimen107
\beamer@animdp=\dimen108
\beamer@animwd=\dimen109
\beamer@leftmargin=\dimen110
\beamer@rightmargin=\dimen111
\beamer@leftsidebar=\dimen112
\beamer@rightsidebar=\dimen113
\beamer@boxsize=\dimen114
\beamer@vboxoffset=\dimen115
\beamer@descdefault=\dimen116
\beamer@descriptionwidth=\dimen117
\beamer@lastskip=\skip41
\beamer@areabox=\box28
\beamer@animcurrent=\box29
\beamer@animshowbox=\box30
\beamer@sectionbox=\box31
\beamer@logobox=\box32
\beamer@linebox=\box33
\beamer@sectioncount=\count85
\beamer@subsubsectionmax=\count86
\beamer@subsectionmax=\count87
\beamer@sectionmax=\count88
\beamer@totalheads=\count89
\beamer@headcounter=\count90
\beamer@partstartpage=\count91
\beamer@sectionstartpage=\count92
\beamer@subsectionstartpage=\count93
\beamer@animationtempa=\count94
\beamer@animationtempb=\count95
\beamer@xpos=\count96
\beamer@ypos=\count97
\beamer@showpartnumber=\count98
\beamer@currentsubsection=\count99
\beamer@coveringdepth=\count100
\beamer@sectionadjust=\count101
\beamer@tocsectionnumber=\count102

(C:\Users\taeuksz800\AppData\Roaming\MiKTeX\2.9\tex\latex\beamer\beamerbaseopti
ons.sty ("C:\Program Files\MiKTeX 2.9\tex\latex\graphics\keyval.sty"
Package: keyval 2014/10/28 v1.15 key=value parser (DPC)
\KV@toks@=\toks14
))
\beamer@paperwidth=\skip42
\beamer@paperheight=\skip43

("C:\Program Files\MiKTeX 2.9\tex\latex\geometry\geometry.sty"
Package: geometry 2010/09/12 v5.6 Page Geometry

("C:\Program Files\MiKTeX 2.9\tex\generic\oberdiek\ifvtex.sty"
Package: ifvtex 2016/05/16 v1.6 Detect VTeX and its facilities (HO)
Package ifvtex Info: VTeX not detected.
)
("C:\Program Files\MiKTeX 2.9\tex\generic\ifxetex\ifxetex.sty"
Package: ifxetex 2010/09/12 v0.6 Provides ifxetex conditional
)
\Gm@cnth=\count103
\Gm@cntv=\count104
\c@Gm@tempcnt=\count105
\Gm@bindingoffset=\dimen118
\Gm@wd@mp=\dimen119
\Gm@odd@mp=\dimen120
\Gm@even@mp=\dimen121
\Gm@layoutwidth=\dimen122
\Gm@layoutheight=\dimen123
\Gm@layouthoffset=\dimen124
\Gm@layoutvoffset=\dimen125
\Gm@dimlist=\toks15

("C:\Program Files\MiKTeX 2.9\tex\xelatex\xetexconfig\geometry.cfg"))
("C:\Program Files\MiKTeX 2.9\tex\latex\base\size11.clo"
File: size11.clo 2014/09/29 v1.4h Standard LaTeX file (size option)
)
(C:\Users\taeuksz800\AppData\Roaming\MiKTeX\2.9\tex\latex\pgf\basiclayer\pgfcor
e.sty ("C:\Program Files\MiKTeX 2.9\tex\latex\graphics\graphicx.sty"
Package: graphicx 2014/10/28 v1.0g Enhanced LaTeX Graphics (DPC,SPQR)

("C:\Program Files\MiKTeX 2.9\tex\latex\graphics\graphics.sty"
Package: graphics 2017/04/14 v1.1b Standard LaTeX Graphics (DPC,SPQR)

("C:\Program Files\MiKTeX 2.9\tex\latex\graphics\trig.sty"
Package: trig 2016/01/03 v1.10 sin cos tan (DPC)
)
("C:\Program Files\MiKTeX 2.9\tex\latex\graphics-cfg\graphics.cfg"
File: graphics.cfg 2016/06/04 v1.11 sample graphics configuration
)
Package graphics Info: Driver file: xetex.def on input line 99.

("C:\Program Files\MiKTeX 2.9\tex\latex\graphics-def\xetex.def"
File: xetex.def 2016/07/11 v4.10 LaTeX color/graphics driver for XeTeX (L3/RRM/
JK)
))
\Gin@req@height=\dimen126
\Gin@req@width=\dimen127
)
(C:\Users\taeuksz800\AppData\Roaming\MiKTeX\2.9\tex\latex\pgf\systemlayer\pgfsy
s.sty
(C:\Users\taeuksz800\AppData\Roaming\MiKTeX\2.9\tex\latex\pgf\utilities\pgfrcs.
sty
(C:\Users\taeuksz800\AppData\Roaming\MiKTeX\2.9\tex\generic\pgf\utilities\pgfut
il-common.tex
\pgfutil@everybye=\toks16
\pgfutil@tempdima=\dimen128
\pgfutil@tempdimb=\dimen129

(C:\Users\taeuksz800\AppData\Roaming\MiKTeX\2.9\tex\generic\pgf\utilities\pgfut
il-common-lists.tex))
(C:\Users\taeuksz800\AppData\Roaming\MiKTeX\2.9\tex\generic\pgf\utilities\pgfut
il-latex.def
\pgfutil@abb=\box34

(C:\Users\taeuksz800\AppData\Roaming\MiKTeX\2.9\tex\latex\ms\everyshi.sty
Package: everyshi 2001/05/15 v3.00 EveryShipout Package (MS)
))
(C:\Users\taeuksz800\AppData\Roaming\MiKTeX\2.9\tex\generic\pgf\utilities\pgfrc
s.code.tex
Package: pgfrcs 2015/08/07 v3.0.1a (rcs-revision 1.31)
))
(C:\Users\taeuksz800\AppData\Roaming\MiKTeX\2.9\tex\generic\pgf\systemlayer\pgf
sys.code.tex
Package: pgfsys 2014/07/09 v3.0.1a (rcs-revision 1.48)

(C:\Users\taeuksz800\AppData\Roaming\MiKTeX\2.9\tex\generic\pgf\utilities\pgfke
ys.code.tex
\pgfkeys@pathtoks=\toks17
\pgfkeys@temptoks=\toks18

(C:\Users\taeuksz800\AppData\Roaming\MiKTeX\2.9\tex\generic\pgf\utilities\pgfke
ysfiltered.code.tex
\pgfkeys@tmptoks=\toks19
))
\pgf@x=\dimen130
\pgf@y=\dimen131
\pgf@xa=\dimen132
\pgf@ya=\dimen133
\pgf@xb=\dimen134
\pgf@yb=\dimen135
\pgf@xc=\dimen136
\pgf@yc=\dimen137
\w@pgf@writea=\write3
\r@pgf@reada=\read1
\c@pgf@counta=\count106
\c@pgf@countb=\count107
\c@pgf@countc=\count108
\c@pgf@countd=\count109
\t@pgf@toka=\toks20
\t@pgf@tokb=\toks21
\t@pgf@tokc=\toks22

(C:\Users\taeuksz800\AppData\Roaming\MiKTeX\2.9\tex\generic\pgf\systemlayer\pgf
.cfg
File: pgf.cfg 2008/05/14  (rcs-revision 1.7)
)
Driver file for pgf: pgfsys-xetex.def

(C:\Users\taeuksz800\AppData\Roaming\MiKTeX\2.9\tex\generic\pgf\systemlayer\pgf
sys-xetex.def
File: pgfsys-xetex.def 2014/07/09  (rcs-revision 1.11)

(C:\Users\taeuksz800\AppData\Roaming\MiKTeX\2.9\tex\generic\pgf\systemlayer\pgf
sys-dvipdfmx.def
File: pgfsys-dvipdfmx.def 2014/07/09  (rcs-revision 1.14)

(C:\Users\taeuksz800\AppData\Roaming\MiKTeX\2.9\tex\generic\pgf\systemlayer\pgf
sys-common-pdf.def
File: pgfsys-common-pdf.def 2013/10/10  (rcs-revision 1.13)
)
\pgfsys@objnum=\count110
)))
(C:\Users\taeuksz800\AppData\Roaming\MiKTeX\2.9\tex\generic\pgf\systemlayer\pgf
syssoftpath.code.tex
File: pgfsyssoftpath.code.tex 2013/09/09  (rcs-revision 1.9)
\pgfsyssoftpath@smallbuffer@items=\count111
\pgfsyssoftpath@bigbuffer@items=\count112
)
(C:\Users\taeuksz800\AppData\Roaming\MiKTeX\2.9\tex\generic\pgf\systemlayer\pgf
sysprotocol.code.tex
File: pgfsysprotocol.code.tex 2006/10/16  (rcs-revision 1.4)
))
(C:\Users\taeuksz800\AppData\Roaming\MiKTeX\2.9\tex\latex\xcolor\xcolor.sty
Package: xcolor 2016/05/11 v2.12 LaTeX color extensions (UK)

("C:\Program Files\MiKTeX 2.9\tex\latex\graphics-cfg\color.cfg"
File: color.cfg 2016/01/02 v1.6 sample color configuration
)
Package xcolor Info: Driver file: xetex.def on input line 225.
Package xcolor Info: Model `cmy' substituted by `cmy0' on input line 1348.
Package xcolor Info: Model `RGB' extended on input line 1364.
Package xcolor Info: Model `HTML' substituted by `rgb' on input line 1366.
Package xcolor Info: Model `Hsb' substituted by `hsb' on input line 1367.
Package xcolor Info: Model `tHsb' substituted by `hsb' on input line 1368.
Package xcolor Info: Model `HSB' substituted by `hsb' on input line 1369.
Package xcolor Info: Model `Gray' substituted by `gray' on input line 1370.
Package xcolor Info: Model `wave' substituted by `hsb' on input line 1371.
)
(C:\Users\taeuksz800\AppData\Roaming\MiKTeX\2.9\tex\generic\pgf\basiclayer\pgfc
ore.code.tex
Package: pgfcore 2010/04/11 v3.0.1a (rcs-revision 1.7)

(C:\Users\taeuksz800\AppData\Roaming\MiKTeX\2.9\tex\generic\pgf\math\pgfmath.co
de.tex
(C:\Users\taeuksz800\AppData\Roaming\MiKTeX\2.9\tex\generic\pgf\math\pgfmathcal
c.code.tex
(C:\Users\taeuksz800\AppData\Roaming\MiKTeX\2.9\tex\generic\pgf\math\pgfmathuti
l.code.tex)
(C:\Users\taeuksz800\AppData\Roaming\MiKTeX\2.9\tex\generic\pgf\math\pgfmathpar
ser.code.tex
\pgfmath@dimen=\dimen138
\pgfmath@count=\count113
\pgfmath@box=\box35
\pgfmath@toks=\toks23
\pgfmath@stack@operand=\toks24
\pgfmath@stack@operation=\toks25
)
(C:\Users\taeuksz800\AppData\Roaming\MiKTeX\2.9\tex\generic\pgf\math\pgfmathfun
ctions.code.tex
(C:\Users\taeuksz800\AppData\Roaming\MiKTeX\2.9\tex\generic\pgf\math\pgfmathfun
ctions.basic.code.tex)
(C:\Users\taeuksz800\AppData\Roaming\MiKTeX\2.9\tex\generic\pgf\math\pgfmathfun
ctions.trigonometric.code.tex)
(C:\Users\taeuksz800\AppData\Roaming\MiKTeX\2.9\tex\generic\pgf\math\pgfmathfun
ctions.random.code.tex)
(C:\Users\taeuksz800\AppData\Roaming\MiKTeX\2.9\tex\generic\pgf\math\pgfmathfun
ctions.comparison.code.tex)
(C:\Users\taeuksz800\AppData\Roaming\MiKTeX\2.9\tex\generic\pgf\math\pgfmathfun
ctions.base.code.tex)
(C:\Users\taeuksz800\AppData\Roaming\MiKTeX\2.9\tex\generic\pgf\math\pgfmathfun
ctions.round.code.tex)
(C:\Users\taeuksz800\AppData\Roaming\MiKTeX\2.9\tex\generic\pgf\math\pgfmathfun
ctions.misc.code.tex)
(C:\Users\taeuksz800\AppData\Roaming\MiKTeX\2.9\tex\generic\pgf\math\pgfmathfun
ctions.integerarithmetics.code.tex)))
(C:\Users\taeuksz800\AppData\Roaming\MiKTeX\2.9\tex\generic\pgf\math\pgfmathflo
at.code.tex
\c@pgfmathroundto@lastzeros=\count114
))
(C:\Users\taeuksz800\AppData\Roaming\MiKTeX\2.9\tex\generic\pgf\basiclayer\pgfc
orepoints.code.tex
File: pgfcorepoints.code.tex 2013/10/07  (rcs-revision 1.27)
\pgf@picminx=\dimen139
\pgf@picmaxx=\dimen140
\pgf@picminy=\dimen141
\pgf@picmaxy=\dimen142
\pgf@pathminx=\dimen143
\pgf@pathmaxx=\dimen144
\pgf@pathminy=\dimen145
\pgf@pathmaxy=\dimen146
\pgf@xx=\dimen147
\pgf@xy=\dimen148
\pgf@yx=\dimen149
\pgf@yy=\dimen150
\pgf@zx=\dimen151
\pgf@zy=\dimen152
)
(C:\Users\taeuksz800\AppData\Roaming\MiKTeX\2.9\tex\generic\pgf\basiclayer\pgfc
orepathconstruct.code.tex
File: pgfcorepathconstruct.code.tex 2013/10/07  (rcs-revision 1.29)
\pgf@path@lastx=\dimen153
\pgf@path@lasty=\dimen154
)
(C:\Users\taeuksz800\AppData\Roaming\MiKTeX\2.9\tex\generic\pgf\basiclayer\pgfc
orepathusage.code.tex
File: pgfcorepathusage.code.tex 2014/11/02  (rcs-revision 1.24)
\pgf@shorten@end@additional=\dimen155
\pgf@shorten@start@additional=\dimen156
)
(C:\Users\taeuksz800\AppData\Roaming\MiKTeX\2.9\tex\generic\pgf\basiclayer\pgfc
orescopes.code.tex
File: pgfcorescopes.code.tex 2015/05/08  (rcs-revision 1.46)
\pgfpic=\box36
\pgf@hbox=\box37
\pgf@layerbox@main=\box38
\pgf@picture@serial@count=\count115
)
(C:\Users\taeuksz800\AppData\Roaming\MiKTeX\2.9\tex\generic\pgf\basiclayer\pgfc
oregraphicstate.code.tex
File: pgfcoregraphicstate.code.tex 2014/11/02  (rcs-revision 1.12)
\pgflinewidth=\dimen157
)
(C:\Users\taeuksz800\AppData\Roaming\MiKTeX\2.9\tex\generic\pgf\basiclayer\pgfc
oretransformations.code.tex
File: pgfcoretransformations.code.tex 2015/08/07  (rcs-revision 1.20)
\pgf@pt@x=\dimen158
\pgf@pt@y=\dimen159
\pgf@pt@temp=\dimen160
)
(C:\Users\taeuksz800\AppData\Roaming\MiKTeX\2.9\tex\generic\pgf\basiclayer\pgfc
orequick.code.tex
File: pgfcorequick.code.tex 2008/10/09  (rcs-revision 1.3)
)
(C:\Users\taeuksz800\AppData\Roaming\MiKTeX\2.9\tex\generic\pgf\basiclayer\pgfc
oreobjects.code.tex
File: pgfcoreobjects.code.tex 2006/10/11  (rcs-revision 1.2)
)
(C:\Users\taeuksz800\AppData\Roaming\MiKTeX\2.9\tex\generic\pgf\basiclayer\pgfc
orepathprocessing.code.tex
File: pgfcorepathprocessing.code.tex 2013/09/09  (rcs-revision 1.9)
)
(C:\Users\taeuksz800\AppData\Roaming\MiKTeX\2.9\tex\generic\pgf\basiclayer\pgfc
orearrows.code.tex
File: pgfcorearrows.code.tex 2015/05/14  (rcs-revision 1.43)
\pgfarrowsep=\dimen161
)
(C:\Users\taeuksz800\AppData\Roaming\MiKTeX\2.9\tex\generic\pgf\basiclayer\pgfc
oreshade.code.tex
File: pgfcoreshade.code.tex 2013/07/15  (rcs-revision 1.15)
\pgf@max=\dimen162
\pgf@sys@shading@range@num=\count116
)
(C:\Users\taeuksz800\AppData\Roaming\MiKTeX\2.9\tex\generic\pgf\basiclayer\pgfc
oreimage.code.tex
File: pgfcoreimage.code.tex 2013/07/15  (rcs-revision 1.18)

(C:\Users\taeuksz800\AppData\Roaming\MiKTeX\2.9\tex\generic\pgf\basiclayer\pgfc
oreexternal.code.tex
File: pgfcoreexternal.code.tex 2014/07/09  (rcs-revision 1.21)
\pgfexternal@startupbox=\box39
))
(C:\Users\taeuksz800\AppData\Roaming\MiKTeX\2.9\tex\generic\pgf\basiclayer\pgfc
orelayers.code.tex
File: pgfcorelayers.code.tex 2013/07/18  (rcs-revision 1.7)
)
(C:\Users\taeuksz800\AppData\Roaming\MiKTeX\2.9\tex\generic\pgf\basiclayer\pgfc
oretransparency.code.tex
File: pgfcoretransparency.code.tex 2013/09/30  (rcs-revision 1.5)
)
(C:\Users\taeuksz800\AppData\Roaming\MiKTeX\2.9\tex\generic\pgf\basiclayer\pgfc
orepatterns.code.tex
File: pgfcorepatterns.code.tex 2013/11/07  (rcs-revision 1.5)
)))
(C:\Users\taeuksz800\AppData\Roaming\MiKTeX\2.9\tex\latex\pgf\utilities\xxcolor
.sty
Package: xxcolor 2003/10/24 ver 0.1
\XC@nummixins=\count117
\XC@countmixins=\count118
) ("C:\Program Files\MiKTeX 2.9\tex\generic\oberdiek\atbegshi.sty"
Package: atbegshi 2016/06/09 v1.18 At begin shipout hook (HO)

("C:\Program Files\MiKTeX 2.9\tex\generic\oberdiek\infwarerr.sty"
Package: infwarerr 2016/05/16 v1.4 Providing info/warning/error messages (HO)
)
("C:\Program Files\MiKTeX 2.9\tex\generic\oberdiek\ltxcmds.sty"
Package: ltxcmds 2016/05/16 v1.23 LaTeX kernel commands for general use (HO)
))
("C:\Program Files\MiKTeX 2.9\tex\latex\hyperref\hyperref.sty"
Package: hyperref 2017/03/14 v6.85a Hypertext links for LaTeX

("C:\Program Files\MiKTeX 2.9\tex\generic\oberdiek\hobsub-hyperref.sty"
Package: hobsub-hyperref 2016/05/16 v1.14 Bundle oberdiek, subset hyperref (HO)


("C:\Program Files\MiKTeX 2.9\tex\generic\oberdiek\hobsub-generic.sty"
Package: hobsub-generic 2016/05/16 v1.14 Bundle oberdiek, subset generic (HO)
Package: hobsub 2016/05/16 v1.14 Construct package bundles (HO)
Package hobsub Info: Skipping package `infwarerr' (already loaded).
Package hobsub Info: Skipping package `ltxcmds' (already loaded).
Package: ifluatex 2016/05/16 v1.4 Provides the ifluatex switch (HO)
Package ifluatex Info: LuaTeX not detected.
Package hobsub Info: Skipping package `ifvtex' (already loaded).
Package: intcalc 2016/05/16 v1.2 Expandable calculations with integers (HO)
Package hobsub Info: Skipping package `ifpdf' (already loaded).
Package: etexcmds 2016/05/16 v1.6 Avoid name clashes with e-TeX commands (HO)
Package etexcmds Info: Could not find \expanded.
(etexcmds)             That can mean that you are not using pdfTeX 1.50 or
(etexcmds)             that some package has redefined \expanded.
(etexcmds)             In the latter case, load this package earlier.
Package: kvsetkeys 2016/05/16 v1.17 Key value parser (HO)
Package: kvdefinekeys 2016/05/16 v1.4 Define keys (HO)
Package: pdftexcmds 2017/03/19 v0.25 Utility functions of pdfTeX for LuaTeX (HO
)
Package pdftexcmds Info: LuaTeX not detected.
Package pdftexcmds Info: pdfTeX >= 1.30 not detected.
Package pdftexcmds Info: \pdf@primitive is available.
Package pdftexcmds Info: \pdf@ifprimitive is available.
Package pdftexcmds Info: \pdfdraftmode not found.
Package: pdfescape 2016/05/16 v1.14 Implements pdfTeX's escape features (HO)
Package: bigintcalc 2016/05/16 v1.4 Expandable calculations on big integers (HO
)
Package: bitset 2016/05/16 v1.2 Handle bit-vector datatype (HO)
Package: uniquecounter 2016/05/16 v1.3 Provide unlimited unique counter (HO)
)
Package hobsub Info: Skipping package `hobsub' (already loaded).
Package: letltxmacro 2016/05/16 v1.5 Let assignment for LaTeX macros (HO)
Package: hopatch 2016/05/16 v1.3 Wrapper for package hooks (HO)
Package: xcolor-patch 2016/05/16 xcolor patch
Package: atveryend 2016/05/16 v1.9 Hooks at the very end of document (HO)
Package hobsub Info: Skipping package `atbegshi' (already loaded).
Package: refcount 2016/05/16 v3.5 Data extraction from label references (HO)
Package: hycolor 2016/05/16 v1.8 Color options for hyperref/bookmark (HO)
)
("C:\Program Files\MiKTeX 2.9\tex\latex\oberdiek\auxhook.sty"
Package: auxhook 2016/05/16 v1.4 Hooks for auxiliary files (HO)
)
("C:\Program Files\MiKTeX 2.9\tex\latex\oberdiek\kvoptions.sty"
Package: kvoptions 2016/05/16 v3.12 Key value format for package options (HO)
)
\@linkdim=\dimen163
\Hy@linkcounter=\count119
\Hy@pagecounter=\count120

("C:\Program Files\MiKTeX 2.9\tex\latex\hyperref\pd1enc.def"
File: pd1enc.def 2017/03/14 v6.85a Hyperref: PDFDocEncoding definition (HO)
)
\Hy@SavedSpaceFactor=\count121

("C:\Program Files\MiKTeX 2.9\tex\latex\00miktex\hyperref.cfg"
File: hyperref.cfg 2002/06/06 v1.2 hyperref configuration of TeXLive
)
Package hyperref Info: Option `bookmarks' set `true' on input line 4374.
Package hyperref Info: Option `bookmarksopen' set `true' on input line 4374.
Package hyperref Info: Option `implicit' set `false' on input line 4374.
Package hyperref Info: Hyper figures OFF on input line 4498.
Package hyperref Info: Link nesting OFF on input line 4503.
Package hyperref Info: Hyper index ON on input line 4506.
Package hyperref Info: Plain pages OFF on input line 4513.
Package hyperref Info: Backreferencing OFF on input line 4518.
Package hyperref Info: Implicit mode OFF; no redefinition of LaTeX internals.
Package hyperref Info: Bookmarks ON on input line 4751.
\c@Hy@tempcnt=\count122

(C:\Users\taeuksz800\AppData\Roaming\MiKTeX\2.9\tex\latex\url\url.sty
\Urlmuskip=\muskip10
Package: url 2013/09/16  ver 3.4  Verb mode for urls, etc.
)
LaTeX Info: Redefining \url on input line 5104.
\XeTeXLinkMargin=\dimen164
\Fld@menulength=\count123
\Field@Width=\dimen165
\Fld@charsize=\dimen166
Package hyperref Info: Hyper figures OFF on input line 6358.
Package hyperref Info: Link nesting OFF on input line 6363.
Package hyperref Info: Hyper index ON on input line 6366.
Package hyperref Info: backreferencing OFF on input line 6373.
Package hyperref Info: Link coloring OFF on input line 6378.
Package hyperref Info: Link coloring with OCG OFF on input line 6383.
Package hyperref Info: PDF/A mode OFF on input line 6388.
LaTeX Info: Redefining \ref on input line 6428.
LaTeX Info: Redefining \pageref on input line 6432.
\Hy@abspage=\count124


Package hyperref Message: Stopped early.

)

Package hyperref Message: Driver (autodetected): hxetex.

("C:\Program Files\MiKTeX 2.9\tex\latex\hyperref\hxetex.def"
File: hxetex.def 2017/03/14 v6.85a Hyperref driver for XeTeX

("C:\Program Files\MiKTeX 2.9\tex\latex\hyperref\puenc.def"
File: puenc.def 2017/03/14 v6.85a Hyperref: PDF Unicode definition (HO)
)
("C:\Program Files\MiKTeX 2.9\tex\generic\oberdiek\stringenc.sty"
Package: stringenc 2016/05/16 v1.11 Convert strings between diff. encodings (HO
)
)
\pdfm@box=\box40
\c@Hy@AnnotLevel=\count125
\HyField@AnnotCount=\count126
\Fld@listcount=\count127
\c@bookmark@seq@number=\count128

("C:\Program Files\MiKTeX 2.9\tex\latex\oberdiek\rerunfilecheck.sty"
Package: rerunfilecheck 2016/05/16 v1.8 Rerun checks for auxiliary files (HO)
Package rerunfilecheck Info: Feature \pdfmdfivesum is not available
(rerunfilecheck)             (e.g. pdfTeX or LuaTeX with package `pdftexcmds').

(rerunfilecheck)             Therefore file contents cannot be checked efficien
tly
(rerunfilecheck)             and the loading of the package is aborted.
))
("C:\Program Files\MiKTeX 2.9\tex\generic\oberdiek\se-ascii-print.def"
File: se-ascii-print.def 2016/05/16 v1.11 stringenc: Printable ASCII characters

)
(C:\Users\taeuksz800\AppData\Roaming\MiKTeX\2.9\tex\latex\beamer\beamerbaserequ
ires.sty
(C:\Users\taeuksz800\AppData\Roaming\MiKTeX\2.9\tex\latex\beamer\beamerbasecomp
atibility.sty)
(C:\Users\taeuksz800\AppData\Roaming\MiKTeX\2.9\tex\latex\beamer\beamerbasefont
.sty ("C:\Program Files\MiKTeX 2.9\tex\latex\amsfonts\amssymb.sty"
Package: amssymb 2013/01/14 v3.01 AMS font symbols

("C:\Program Files\MiKTeX 2.9\tex\latex\amsfonts\amsfonts.sty"
Package: amsfonts 2013/01/14 v3.01 Basic AMSFonts support
\@emptytoks=\toks26
\symAMSa=\mathgroup4
\symAMSb=\mathgroup5
LaTeX Font Info:    Overwriting math alphabet `\mathfrak' in version `bold'
(Font)                  U/euf/m/n --> U/euf/b/n on input line 106.
))
(C:\Users\taeuksz800\AppData\Roaming\MiKTeX\2.9\tex\latex\sansmathaccent\sansma
thaccent.sty
Package: sansmathaccent 2013/03/28

(C:\Users\taeuksz800\AppData\Roaming\MiKTeX\2.9\tex\latex\filehook\filehook.sty
Package: filehook 2011/10/12 v0.5d Hooks for input files
)))
(C:\Users\taeuksz800\AppData\Roaming\MiKTeX\2.9\tex\latex\beamer\beamerbasetran
slator.sty
(C:\Users\taeuksz800\AppData\Roaming\MiKTeX\2.9\tex\latex\beamer\translator\tra
nslator.sty
Package: translator 2010/06/12 ver 1.10

(C:\Users\taeuksz800\AppData\Roaming\MiKTeX\2.9\tex\latex\beamer\translator\tra
nslator-language-mappings.tex)))
(C:\Users\taeuksz800\AppData\Roaming\MiKTeX\2.9\tex\latex\beamer\beamerbasemisc
.sty)
(C:\Users\taeuksz800\AppData\Roaming\MiKTeX\2.9\tex\latex\beamer\beamerbasetwos
creens.sty)
(C:\Users\taeuksz800\AppData\Roaming\MiKTeX\2.9\tex\latex\beamer\beamerbaseover
lay.sty
\beamer@argscount=\count129
\beamer@lastskipcover=\skip44
\beamer@trivlistdepth=\count130
)
(C:\Users\taeuksz800\AppData\Roaming\MiKTeX\2.9\tex\latex\beamer\beamerbasetitl
e.sty)
(C:\Users\taeuksz800\AppData\Roaming\MiKTeX\2.9\tex\latex\beamer\beamerbasesect
ion.sty
\c@lecture=\count131
\c@part=\count132
\c@section=\count133
\c@subsection=\count134
\c@subsubsection=\count135
)
(C:\Users\taeuksz800\AppData\Roaming\MiKTeX\2.9\tex\latex\beamer\beamerbasefram
e.sty
\beamer@framebox=\box41
\beamer@frametitlebox=\box42
\beamer@zoombox=\box43
\beamer@zoomcount=\count136
\beamer@zoomframecount=\count137
\beamer@frametextheight=\dimen167
\c@subsectionslide=\count138
\beamer@frametopskip=\skip45
\beamer@framebottomskip=\skip46
\beamer@frametopskipautobreak=\skip47
\beamer@framebottomskipautobreak=\skip48
\beamer@envbody=\toks27
\framewidth=\dimen168
\c@framenumber=\count139
)
(C:\Users\taeuksz800\AppData\Roaming\MiKTeX\2.9\tex\latex\beamer\beamerbaseverb
atim.sty
\beamer@verbatimfileout=\write4
)
(C:\Users\taeuksz800\AppData\Roaming\MiKTeX\2.9\tex\latex\beamer\beamerbasefram
esize.sty
\beamer@splitbox=\box44
\beamer@autobreakcount=\count140
\beamer@autobreaklastheight=\dimen169
\beamer@frametitletoks=\toks28
\beamer@framesubtitletoks=\toks29
)
(C:\Users\taeuksz800\AppData\Roaming\MiKTeX\2.9\tex\latex\beamer\beamerbasefram
ecomponents.sty
\beamer@footins=\box45
)
(C:\Users\taeuksz800\AppData\Roaming\MiKTeX\2.9\tex\latex\beamer\beamerbasecolo
r.sty
\beamer@bg@ht=\dimen170
\beamer@bg@wd=\dimen171
\beamer@bg@dp=\dimen172
)
(C:\Users\taeuksz800\AppData\Roaming\MiKTeX\2.9\tex\latex\beamer\beamerbasenote
s.sty
\beamer@frameboxcopy=\box46
)
(C:\Users\taeuksz800\AppData\Roaming\MiKTeX\2.9\tex\latex\beamer\beamerbasetoc.
sty)
(C:\Users\taeuksz800\AppData\Roaming\MiKTeX\2.9\tex\latex\beamer\beamerbasetemp
lates.sty
\beamer@sbttoks=\toks30

(C:\Users\taeuksz800\AppData\Roaming\MiKTeX\2.9\tex\latex\beamer\beamerbaseauxt
emplates.sty
(C:\Users\taeuksz800\AppData\Roaming\MiKTeX\2.9\tex\latex\beamer\beamerbaseboxe
s.sty
\bmb@box=\box47
\bmb@colorbox=\box48
\bmb@boxshadow=\box49
\bmb@boxshadowball=\box50
\bmb@boxshadowballlarge=\box51
\bmb@temp=\dimen173
\bmb@dima=\dimen174
\bmb@dimb=\dimen175
\bmb@prevheight=\dimen176
)
\beamer@blockheadheight=\dimen177
))
(C:\Users\taeuksz800\AppData\Roaming\MiKTeX\2.9\tex\latex\beamer\beamerbaseloca
lstructure.sty ("C:\Program Files\MiKTeX 2.9\tex\latex\tools\enumerate.sty"
Package: enumerate 2015/07/23 v3.00 enumerate extensions (DPC)
\@enLab=\toks31
)
\c@figure=\count141
\c@table=\count142
\abovecaptionskip=\skip49
\belowcaptionskip=\skip50
)
(C:\Users\taeuksz800\AppData\Roaming\MiKTeX\2.9\tex\latex\beamer\beamerbasenavi
gation.sty
\beamer@section@min@dim=\dimen178
)
(C:\Users\taeuksz800\AppData\Roaming\MiKTeX\2.9\tex\latex\beamer\beamerbasetheo
rems.sty ("C:\Program Files\MiKTeX 2.9\tex\latex\amsmath\amsmath.sty"
Package: amsmath 2016/11/05 v2.16a AMS math features
\@mathmargin=\skip51

For additional information on amsmath, use the `?' option.
("C:\Program Files\MiKTeX 2.9\tex\latex\amsmath\amstext.sty"
Package: amstext 2000/06/29 v2.01 AMS text

("C:\Program Files\MiKTeX 2.9\tex\latex\amsmath\amsgen.sty"
File: amsgen.sty 1999/11/30 v2.0 generic functions
\@emptytoks=\toks32
\ex@=\dimen179
))
("C:\Program Files\MiKTeX 2.9\tex\latex\amsmath\amsbsy.sty"
Package: amsbsy 1999/11/29 v1.2d Bold Symbols
\pmbraise@=\dimen180
)
("C:\Program Files\MiKTeX 2.9\tex\latex\amsmath\amsopn.sty"
Package: amsopn 2016/03/08 v2.02 operator names
)
\inf@bad=\count143
LaTeX Info: Redefining \frac on input line 213.
\uproot@=\count144
\leftroot@=\count145
LaTeX Info: Redefining \overline on input line 375.
\classnum@=\count146
\DOTSCASE@=\count147
LaTeX Info: Redefining \ldots on input line 472.
LaTeX Info: Redefining \dots on input line 475.
LaTeX Info: Redefining \cdots on input line 596.
\Mathstrutbox@=\box52
\strutbox@=\box53
\big@size=\dimen181
LaTeX Font Info:    Redeclaring font encoding OML on input line 712.
LaTeX Font Info:    Redeclaring font encoding OMS on input line 713.
\macc@depth=\count148
\c@MaxMatrixCols=\count149
\dotsspace@=\muskip11
\c@parentequation=\count150
\dspbrk@lvl=\count151
\tag@help=\toks33
\row@=\count152
\column@=\count153
\maxfields@=\count154
\andhelp@=\toks34
\eqnshift@=\dimen182
\alignsep@=\dimen183
\tagshift@=\dimen184
\tagwidth@=\dimen185
\totwidth@=\dimen186
\lineht@=\dimen187
\@envbody=\toks35
\multlinegap=\skip52
\multlinetaggap=\skip53
\mathdisplay@stack=\toks36
LaTeX Info: Redefining \[ on input line 2817.
LaTeX Info: Redefining \] on input line 2818.
)
("C:\Program Files\MiKTeX 2.9\tex\latex\amscls\amsthm.sty"
Package: amsthm 2015/03/04 v2.20.2
\thm@style=\toks37
\thm@bodyfont=\toks38
\thm@headfont=\toks39
\thm@notefont=\toks40
\thm@headpunct=\toks41
\thm@preskip=\skip54
\thm@postskip=\skip55
\thm@headsep=\skip56
\dth@everypar=\toks42
)
\c@theorem=\count155
)
(C:\Users\taeuksz800\AppData\Roaming\MiKTeX\2.9\tex\latex\beamer\beamerbasethem
es.sty))
(C:\Users\taeuksz800\AppData\Roaming\MiKTeX\2.9\tex\latex\beamer\themes\theme\b
eamerthemedefault.sty
(C:\Users\taeuksz800\AppData\Roaming\MiKTeX\2.9\tex\latex\beamer\themes\font\be
amerfontthemedefault.sty)
(C:\Users\taeuksz800\AppData\Roaming\MiKTeX\2.9\tex\latex\beamer\themes\color\b
eamercolorthemedefault.sty)
(C:\Users\taeuksz800\AppData\Roaming\MiKTeX\2.9\tex\latex\beamer\themes\inner\b
eamerinnerthemedefault.sty
\beamer@dima=\dimen188
\beamer@dimb=\dimen189
)
(C:\Users\taeuksz800\AppData\Roaming\MiKTeX\2.9\tex\latex\beamer\themes\outer\b
eamerouterthemedefault.sty)))
(C:\Users\taeuksz800\AppData\Roaming\MiKTeX\2.9\tex\latex\beamer\themes\outer\b
eamerouterthememiniframes.sty) (beamerthemeUMRoss.sty
(beamercolorthemeUMRoss.sty) (beamerfontthemeUMRoss.sty)
(beamerinnerthemeUMRoss.sty) (beamerouterthemeUMRoss.sty
(C:\Users\taeuksz800\AppData\Roaming\MiKTeX\2.9\tex\latex\pgf\frontendlayer\tik
z.sty
(C:\Users\taeuksz800\AppData\Roaming\MiKTeX\2.9\tex\latex\pgf\basiclayer\pgf.st
y
Package: pgf 2015/08/07 v3.0.1a (rcs-revision 1.15)

(C:\Users\taeuksz800\AppData\Roaming\MiKTeX\2.9\tex\generic\pgf\modules\pgfmodu
leshapes.code.tex
File: pgfmoduleshapes.code.tex 2014/03/21  (rcs-revision 1.35)
\pgfnodeparttextbox=\box54
)
(C:\Users\taeuksz800\AppData\Roaming\MiKTeX\2.9\tex\generic\pgf\modules\pgfmodu
leplot.code.tex
File: pgfmoduleplot.code.tex 2015/08/03  (rcs-revision 1.13)
)
(C:\Users\taeuksz800\AppData\Roaming\MiKTeX\2.9\tex\latex\pgf\compatibility\pgf
comp-version-0-65.sty
Package: pgfcomp-version-0-65 2007/07/03 v3.0.1a (rcs-revision 1.7)
\pgf@nodesepstart=\dimen190
\pgf@nodesepend=\dimen191
)
(C:\Users\taeuksz800\AppData\Roaming\MiKTeX\2.9\tex\latex\pgf\compatibility\pgf
comp-version-1-18.sty
Package: pgfcomp-version-1-18 2007/07/23 v3.0.1a (rcs-revision 1.1)
))
(C:\Users\taeuksz800\AppData\Roaming\MiKTeX\2.9\tex\latex\pgf\utilities\pgffor.
sty
(C:\Users\taeuksz800\AppData\Roaming\MiKTeX\2.9\tex\latex\pgf\utilities\pgfkeys
.sty
(C:\Users\taeuksz800\AppData\Roaming\MiKTeX\2.9\tex\generic\pgf\utilities\pgfke
ys.code.tex))
(C:\Users\taeuksz800\AppData\Roaming\MiKTeX\2.9\tex\latex\pgf\math\pgfmath.sty
(C:\Users\taeuksz800\AppData\Roaming\MiKTeX\2.9\tex\generic\pgf\math\pgfmath.co
de.tex))
(C:\Users\taeuksz800\AppData\Roaming\MiKTeX\2.9\tex\generic\pgf\utilities\pgffo
r.code.tex
Package: pgffor 2013/12/13 v3.0.1a (rcs-revision 1.25)

(C:\Users\taeuksz800\AppData\Roaming\MiKTeX\2.9\tex\generic\pgf\math\pgfmath.co
de.tex)
\pgffor@iter=\dimen192
\pgffor@skip=\dimen193
\pgffor@stack=\toks43
\pgffor@toks=\toks44
))
(C:\Users\taeuksz800\AppData\Roaming\MiKTeX\2.9\tex\generic\pgf\frontendlayer\t
ikz\tikz.code.tex
Package: tikz 2015/08/07 v3.0.1a (rcs-revision 1.151)

(C:\Users\taeuksz800\AppData\Roaming\MiKTeX\2.9\tex\generic\pgf\libraries\pgfli
braryplothandlers.code.tex
File: pgflibraryplothandlers.code.tex 2013/08/31 v3.0.1a (rcs-revision 1.20)
\pgf@plot@mark@count=\count156
\pgfplotmarksize=\dimen194
)
\tikz@lastx=\dimen195
\tikz@lasty=\dimen196
\tikz@lastxsaved=\dimen197
\tikz@lastysaved=\dimen198
\tikzleveldistance=\dimen199
\tikzsiblingdistance=\dimen256
\tikz@figbox=\box55
\tikz@figbox@bg=\box56
\tikz@tempbox=\box57
\tikz@tempbox@bg=\box58
\tikztreelevel=\count157
\tikznumberofchildren=\count158
\tikznumberofcurrentchild=\count159
\tikz@fig@count=\count160

(C:\Users\taeuksz800\AppData\Roaming\MiKTeX\2.9\tex\generic\pgf\modules\pgfmodu
lematrix.code.tex
File: pgfmodulematrix.code.tex 2013/09/17  (rcs-revision 1.8)
\pgfmatrixcurrentrow=\count161
\pgfmatrixcurrentcolumn=\count162
\pgf@matrix@numberofcolumns=\count163
)
\tikz@expandcount=\count164

(C:\Users\taeuksz800\AppData\Roaming\MiKTeX\2.9\tex\generic\pgf\frontendlayer\t
ikz\libraries\tikzlibrarytopaths.code.tex
File: tikzlibrarytopaths.code.tex 2008/06/17 v3.0.1a (rcs-revision 1.2)
))))) (slides.aux)
\openout1 = `slides.aux'.

LaTeX Font Info:    Checking defaults for OML/cmm/m/it on input line 23.
LaTeX Font Info:    ... okay on input line 23.
LaTeX Font Info:    Checking defaults for T1/cmr/m/n on input line 23.
LaTeX Font Info:    ... okay on input line 23.
LaTeX Font Info:    Checking defaults for OT1/cmr/m/n on input line 23.
LaTeX Font Info:    ... okay on input line 23.
LaTeX Font Info:    Checking defaults for OMS/cmsy/m/n on input line 23.
LaTeX Font Info:    ... okay on input line 23.
LaTeX Font Info:    Checking defaults for TU/lmr/m/n on input line 23.
LaTeX Font Info:    ... okay on input line 23.
LaTeX Font Info:    Checking defaults for OMX/cmex/m/n on input line 23.
LaTeX Font Info:    ... okay on input line 23.
LaTeX Font Info:    Checking defaults for U/cmr/m/n on input line 23.
LaTeX Font Info:    ... okay on input line 23.
LaTeX Font Info:    Checking defaults for PD1/pdf/m/n on input line 23.
LaTeX Font Info:    ... okay on input line 23.
LaTeX Font Info:    Checking defaults for PU/pdf/m/n on input line 23.
LaTeX Font Info:    ... okay on input line 23.

*geometry* detected driver: pdftex
*geometry* verbose mode - [ preamble ] result:
* driver: pdftex
* paper: custom
* layout: <same size as paper>
* layoutoffset:(h,v)=(0.0pt,0.0pt)
* modes: includehead includefoot 
* h-part:(L,W,R)=(28.45274pt, 398.3386pt, 28.45274pt)
* v-part:(T,H,B)=(0.0pt, 256.0748pt, 0.0pt)
* \paperwidth=455.24408pt
* \paperheight=256.0748pt
* \textwidth=398.3386pt
* \textheight=227.62207pt
* \oddsidemargin=-43.81725pt
* \evensidemargin=-43.81725pt
* \topmargin=-72.26999pt
* \headheight=14.22636pt
* \headsep=0.0pt
* \topskip=11.0pt
* \footskip=14.22636pt
* \marginparwidth=4.0pt
* \marginparsep=10.0pt
* \columnsep=10.0pt
* \skip\footins=10.0pt plus 4.0pt minus 2.0pt
* \hoffset=0.0pt
* \voffset=0.0pt
* \mag=1000
* \@twocolumnfalse
* \@twosidefalse
* \@mparswitchfalse
* \@reversemarginfalse
* (1in=72.27pt=25.4mm, 1cm=28.453pt)

ABD: EveryShipout initializing macros
\AtBeginShipoutBox=\box59
Package hyperref Info: Link coloring OFF on input line 23.

("C:\Program Files\MiKTeX 2.9\tex\latex\hyperref\nameref.sty"
Package: nameref 2016/05/21 v2.44 Cross-referencing by name of section

("C:\Program Files\MiKTeX 2.9\tex\generic\oberdiek\gettitlestring.sty"
Package: gettitlestring 2016/05/16 v1.5 Cleanup title references (HO)
)
\c@section@level=\count165
)
LaTeX Info: Redefining \ref on input line 23.
LaTeX Info: Redefining \pageref on input line 23.
LaTeX Info: Redefining \nameref on input line 23.

(slides.out) (slides.out)
\@outlinefile=\write5
\openout5 = `slides.out'.

LaTeX Font Info:    Overwriting symbol font `operators' in version `normal'
(Font)                  OT1/cmr/m/n --> OT1/cmss/m/n on input line 23.
LaTeX Font Info:    Overwriting symbol font `operators' in version `bold'
(Font)                  OT1/cmr/bx/n --> OT1/cmss/bx/n on input line 23.
\symnumbers=\mathgroup6
\sympureletters=\mathgroup7
LaTeX Font Info:    Overwriting math alphabet `\mathrm' in version `normal'
(Font)                  OT1/cmss/m/n --> TU/lmr/m/n on input line 23.
LaTeX Font Info:    Redeclaring math alphabet \mathbf on input line 23.
LaTeX Font Info:    Overwriting math alphabet `\mathbf' in version `normal'
(Font)                  OT1/cmr/bx/n --> TU/lmss/bx/n on input line 23.
LaTeX Font Info:    Overwriting math alphabet `\mathbf' in version `bold'
(Font)                  OT1/cmr/bx/n --> TU/lmss/bx/n on input line 23.
LaTeX Font Info:    Redeclaring math alphabet \mathsf on input line 23.
LaTeX Font Info:    Overwriting math alphabet `\mathsf' in version `normal'
(Font)                  OT1/cmss/m/n --> TU/lmss/m/n on input line 23.
LaTeX Font Info:    Overwriting math alphabet `\mathsf' in version `bold'
(Font)                  OT1/cmss/bx/n --> TU/lmss/m/n on input line 23.
LaTeX Font Info:    Redeclaring math alphabet \mathit on input line 23.
LaTeX Font Info:    Overwriting math alphabet `\mathit' in version `normal'
(Font)                  OT1/cmr/m/it --> TU/lmss/m/it on input line 23.
LaTeX Font Info:    Overwriting math alphabet `\mathit' in version `bold'
(Font)                  OT1/cmr/bx/it --> TU/lmss/m/it on input line 23.
LaTeX Font Info:    Redeclaring math alphabet \mathtt on input line 23.
LaTeX Font Info:    Overwriting math alphabet `\mathtt' in version `normal'
(Font)                  OT1/cmtt/m/n --> TU/lmtt/m/n on input line 23.
LaTeX Font Info:    Overwriting math alphabet `\mathtt' in version `bold'
(Font)                  OT1/cmtt/m/n --> TU/lmtt/m/n on input line 23.
LaTeX Font Info:    Overwriting symbol font `numbers' in version `bold'
(Font)                  TU/lmss/m/n --> TU/lmss/bx/n on input line 23.
LaTeX Font Info:    Overwriting symbol font `pureletters' in version `bold'
(Font)                  TU/lmss/m/it --> TU/lmss/bx/it on input line 23.
LaTeX Font Info:    Overwriting math alphabet `\mathrm' in version `bold'
(Font)                  OT1/cmss/bx/n --> TU/lmr/bx/n on input line 23.
LaTeX Font Info:    Overwriting math alphabet `\mathbf' in version `bold'
(Font)                  TU/lmss/bx/n --> TU/lmss/bx/n on input line 23.
LaTeX Font Info:    Overwriting math alphabet `\mathsf' in version `bold'
(Font)                  TU/lmss/m/n --> TU/lmss/bx/n on input line 23.
LaTeX Font Info:    Overwriting math alphabet `\mathit' in version `bold'
(Font)                  TU/lmss/m/it --> TU/lmss/bx/it on input line 23.
LaTeX Font Info:    Overwriting math alphabet `\mathtt' in version `bold'
(Font)                  TU/lmtt/m/n --> TU/lmtt/bx/n on input line 23.

(C:\Users\taeuksz800\AppData\Roaming\MiKTeX\2.9\tex\latex\beamer\translator\dic
ts\translator-basic-dictionary\translator-basic-dictionary-English.dict
Dictionary: translator-basic-dictionary, Language: English 
)
(C:\Users\taeuksz800\AppData\Roaming\MiKTeX\2.9\tex\latex\beamer\translator\dic
ts\translator-bibliography-dictionary\translator-bibliography-dictionary-Englis
h.dict
Dictionary: translator-bibliography-dictionary, Language: English 
)
(C:\Users\taeuksz800\AppData\Roaming\MiKTeX\2.9\tex\latex\beamer\translator\dic
ts\translator-environment-dictionary\translator-environment-dictionary-English.
dict
Dictionary: translator-environment-dictionary, Language: English 
)
(C:\Users\taeuksz800\AppData\Roaming\MiKTeX\2.9\tex\latex\beamer\translator\dic
ts\translator-months-dictionary\translator-months-dictionary-English.dict
Dictionary: translator-months-dictionary, Language: English 
)
(C:\Users\taeuksz800\AppData\Roaming\MiKTeX\2.9\tex\latex\beamer\translator\dic
ts\translator-numbers-dictionary\translator-numbers-dictionary-English.dict
Dictionary: translator-numbers-dictionary, Language: English 
)
(C:\Users\taeuksz800\AppData\Roaming\MiKTeX\2.9\tex\latex\beamer\translator\dic
ts\translator-theorem-dictionary\translator-theorem-dictionary-English.dict
Dictionary: translator-theorem-dictionary, Language: English 
)
(slides.nav)
File: images/rosslogo.png Graphic file (type QTm)
 <use  "images/rosslogo.png" > [1

]
LaTeX Font Info:    Try loading font information for U+msa on input line 42.

("C:\Program Files\MiKTeX 2.9\tex\latex\amsfonts\umsa.fd"
File: umsa.fd 2013/01/14 v3.01 AMS symbols A
)
LaTeX Font Info:    Try loading font information for U+msb on input line 42.

("C:\Program Files\MiKTeX 2.9\tex\latex\amsfonts\umsb.fd"
File: umsb.fd 2013/01/14 v3.01 AMS symbols B
)
LaTeX Font Info:    Font shape `TU/lmss/m/it' in size <10> not available
(Font)              Font shape `TU/lmss/m/sl' tried instead on input line 42.
LaTeX Font Info:    Font shape `TU/lmss/m/it' in size <7> not available
(Font)              Font shape `TU/lmss/m/sl' tried instead on input line 42.
LaTeX Font Info:    Font shape `TU/lmss/m/it' in size <5> not available
(Font)              Font shape `TU/lmss/m/sl' tried instead on input line 42.
LaTeX Font Info:    Font shape `TU/lmss/m/it' in size <10.95> not available
(Font)              Font shape `TU/lmss/m/sl' tried instead on input line 42.
File: images/empty.png Graphic file (type QTm)

<use  "images/empty.png" >
File: images/rosslogo.png Graphic file (type QTm)
 <use  "images/rosslogo.png" > [2

]
File: images/empty.png Graphic file (type QTm)

<use  "images/empty.png" >
File: images/rosslogo.png Graphic file (type QTm)
 <use  "images/rosslogo.png" > [3

]
LaTeX Font Info:    Font shape `TU/lmss/m/it' in size <8> not available
(Font)              Font shape `TU/lmss/m/sl' tried instead on input line 61.
LaTeX Font Info:    Font shape `TU/lmss/m/it' in size <6> not available
(Font)              Font shape `TU/lmss/m/sl' tried instead on input line 61.
File: images/empty.png Graphic file (type QTm)

<use  "images/empty.png" >
File: images/rosslogo.png Graphic file (type QTm)
 <use  "images/rosslogo.png" > [4

]
File: images/empty.png Graphic file (type QTm)

<use  "images/empty.png" >
File: images/rosslogo.png Graphic file (type QTm)
 <use  "images/rosslogo.png" > [5

]
File: images/empty.png Graphic file (type QTm)

<use  "images/empty.png" >
File: images/rosslogo.png Graphic file (type QTm)
 <use  "images/rosslogo.png" > [6

]
File: images/empty.png Graphic file (type QTm)

<use  "images/empty.png" >
File: images/rosslogo.png Graphic file (type QTm)
 <use  "images/rosslogo.png" > [7

]
\tf@nav=\write6
\openout6 = `slides.nav'.

\tf@toc=\write7
\openout7 = `slides.toc'.

\tf@snm=\write8
\openout8 = `slides.snm'.

Package atveryend Info: Empty hook `BeforeClearDocument' on input line 117.
Package atveryend Info: Empty hook `AfterLastShipout' on input line 117.
 (slides.aux)
Package atveryend Info: Empty hook `AtVeryEndDocument' on input line 117.
Package atveryend Info: Empty hook `AtEndAfterFileList' on input line 117.
 ) 
Here is how much of TeX's memory you used:
 22876 strings out of 427834
 422799 string characters out of 3152470
 491206 words of memory out of 3000000
 26392 multiletter control sequences out of 15000+200000
 11409 words of font info for 63 fonts, out of 3000000 for 9000
 1328 hyphenation exceptions out of 8191
 71i,15n,83p,801b,602s stack positions out of 5000i,500n,10000p,200000b,50000s

Output written on slides.pdf (7 pages).
